/usr/local/Cellar/quast/4.5/quast.py velvet_contigs.fa spades-output/contigs.fasta spades-output2/contigs.fasta week2_velvet_2/contigs.fa spades_nano-output/contigs.fasta

Version: 4.5, 15ca3b9

System information:
  OS: Darwin-16.7.0-x86_64-i386-64bit (macosx)
  Python version: 2.7.10
  CPUs number: 4

Started: 2017-09-22 10:47:52

Logging to /Users/cmdb/qbb2017-answer/week2/quast_results/results_2017_09_22_10_47_52/quast.log
NOTICE: Maximum number of threads is set to 1 (use --threads option to set it manually)

CWD: /Users/cmdb/qbb2017-answer/week2
Main parameters: 
  Threads: 1, minimum contig length: 500, ambiguity: one, threshold for extensive misassembly size: 1000

Contigs:
  Pre-processing...
  1  velvet_contigs.fa ==> velvet_contigs
  2  spades-output/contigs.fasta ==> spades-output_contigs
  3  spades-output2/contigs.fasta ==> spades-output2_contigs
  4  week2_velvet_2/contigs.fa ==> week2_velvet_2_contigs
  5  spades_nano-output/contigs.fasta ==> spades_nano-output_contigs

2017-09-22 10:47:53
Running Basic statistics processor...
  Contig files: 
    1  velvet_contigs
    2  spades-output_contigs
    3  spades-output2_contigs
    4  week2_velvet_2_contigs
    5  spades_nano-output_contigs
  Calculating N50 and L50...
    1  velvet_contigs, N50 = 632, L50 = 5, Total length = 7243, GC % = 50.71, # N's per 100 kbp =  0.00
    2  spades-output_contigs, N50 = 718, L50 = 8, Total length = 15922, GC % = 51.21, # N's per 100 kbp =  0.00
    3  spades-output2_contigs, N50 = 100000, L50 = 1, Total length = 100000, GC % = 52.59, # N's per 100 kbp =  0.00
    4  week2_velvet_2_contigs, N50 = 19911, L50 = 2, Total length = 99562, GC % = 52.58, # N's per 100 kbp =  0.00
    5  spades_nano-output_contigs, N50 = 4036, L50 = 6, Total length = 58343, GC % = 52.38, # N's per 100 kbp =  0.00
  Drawing Nx plot...
    saved to /Users/cmdb/qbb2017-answer/week2/quast_results/results_2017_09_22_10_47_52/basic_stats/Nx_plot.pdf
  Drawing cumulative plot...
    saved to /Users/cmdb/qbb2017-answer/week2/quast_results/results_2017_09_22_10_47_52/basic_stats/cumulative_plot.pdf
  Drawing GC content plot...
    saved to /Users/cmdb/qbb2017-answer/week2/quast_results/results_2017_09_22_10_47_52/basic_stats/GC_content_plot.pdf
  Drawing velvet_contigs GC content plot...
    saved to /Users/cmdb/qbb2017-answer/week2/quast_results/results_2017_09_22_10_47_52/basic_stats/velvet_contigs_GC_content_plot.pdf
  Drawing spades-output_contigs GC content plot...
    saved to /Users/cmdb/qbb2017-answer/week2/quast_results/results_2017_09_22_10_47_52/basic_stats/spades-output_contigs_GC_content_plot.pdf
  Drawing spades-output2_contigs GC content plot...
    saved to /Users/cmdb/qbb2017-answer/week2/quast_results/results_2017_09_22_10_47_52/basic_stats/spades-output2_contigs_GC_content_plot.pdf
  Drawing week2_velvet_2_contigs GC content plot...
    saved to /Users/cmdb/qbb2017-answer/week2/quast_results/results_2017_09_22_10_47_52/basic_stats/week2_velvet_2_contigs_GC_content_plot.pdf
  Drawing spades_nano-output_contigs GC content plot...
    saved to /Users/cmdb/qbb2017-answer/week2/quast_results/results_2017_09_22_10_47_52/basic_stats/spades_nano-output_contigs_GC_content_plot.pdf
  Drawing Coverage histogram (bin size: 1x)...
    saved to /Users/cmdb/qbb2017-answer/week2/quast_results/results_2017_09_22_10_47_52/basic_stats/coverage_histogram.pdf
  Drawing velvet_contigs coverage histogram (bin size: 1x)...
    saved to /Users/cmdb/qbb2017-answer/week2/quast_results/results_2017_09_22_10_47_52/basic_stats/velvet_contigs_coverage_histogram.pdf
  Drawing spades-output_contigs coverage histogram (bin size: 1x)...
    saved to /Users/cmdb/qbb2017-answer/week2/quast_results/results_2017_09_22_10_47_52/basic_stats/spades-output_contigs_coverage_histogram.pdf
  Drawing spades-output2_contigs coverage histogram (bin size: 1x)...
    saved to /Users/cmdb/qbb2017-answer/week2/quast_results/results_2017_09_22_10_47_52/basic_stats/spades-output2_contigs_coverage_histogram.pdf
  Drawing week2_velvet_2_contigs coverage histogram (bin size: 7x)...
    saved to /Users/cmdb/qbb2017-answer/week2/quast_results/results_2017_09_22_10_47_52/basic_stats/week2_velvet_2_contigs_coverage_histogram.pdf
  Drawing spades_nano-output_contigs coverage histogram (bin size: 1x)...
    saved to /Users/cmdb/qbb2017-answer/week2/quast_results/results_2017_09_22_10_47_52/basic_stats/spades_nano-output_contigs_coverage_histogram.pdf
Done.

NOTICE: Genes are not predicted by default. Use --gene-finding option to enable it.

2017-09-22 10:47:57
Creating large visual summaries...
This may take a while: press Ctrl-C to skip this step..
  1 of 2: Creating Icarus viewers...
  2 of 2: Creating PDF with all tables and plots...
Done

2017-09-22 10:47:59
RESULTS:
  Text versions of total report are saved to /Users/cmdb/qbb2017-answer/week2/quast_results/results_2017_09_22_10_47_52/report.txt, report.tsv, and report.tex
  Text versions of transposed total report are saved to /Users/cmdb/qbb2017-answer/week2/quast_results/results_2017_09_22_10_47_52/transposed_report.txt, transposed_report.tsv, and transposed_report.tex
  HTML version (interactive tables and plots) saved to /Users/cmdb/qbb2017-answer/week2/quast_results/results_2017_09_22_10_47_52/report.html
  PDF version (tables and plots) is saved to /Users/cmdb/qbb2017-answer/week2/quast_results/results_2017_09_22_10_47_52/report.pdf
  Icarus (contig browser) is saved to /Users/cmdb/qbb2017-answer/week2/quast_results/results_2017_09_22_10_47_52/icarus.html
  Log saved to /Users/cmdb/qbb2017-answer/week2/quast_results/results_2017_09_22_10_47_52/quast.log

Finished: 2017-09-22 10:47:59
Elapsed time: 0:00:06.571139
NOTICEs: 2; WARNINGs: 0; non-fatal ERRORs: 0

Thank you for using QUAST!
