1	3R	-	722370	722621	FBtr0114258	1	252	FBgn0085804	CR41571	0.000000	0.000000 	Q9VCY8
1	3R	-	722370	722621	FBtr0114258	1	252	FBgn0085804	CR41571	0.000000	0.000000 	P39413
1	3R	-	722370	722621	FBtr0114258	1	252	FBgn0085804	CR41571	0.000000	0.000000 	Q9VVW1
1	3R	-	722370	722621	FBtr0114258	1	252	FBgn0085804	CR41571	0.000000	0.000000 	P04814
1	3R	-	722370	722621	FBtr0114258	1	252	FBgn0085804	CR41571	0.000000	0.000000 	P13395
1	3R	-	722370	722621	FBtr0114258	1	252	FBgn0085804	CR41571	0.000000	0.000000 	O46201
1	3R	-	722370	722621	FBtr0114258	1	252	FBgn0085804	CR41571	0.000000	0.000000 	P10334
1	3R	-	722370	722621	FBtr0114258	1	252	FBgn0085804	CR41571	0.000000	0.000000 	Q9W3J5
1	3R	-	722370	722621	FBtr0114258	1	252	FBgn0085804	CR41571	0.000000	0.000000 	Q7K550
1	3R	-	722370	722621	FBtr0114258	1	252	FBgn0085804	CR41571	0.000000	0.000000 	P07764
1	3R	-	722370	722621	FBtr0114258	1	252	FBgn0085804	CR41571	0.000000	0.000000 	P02572
1	3R	-	722370	722621	FBtr0114258	1	252	FBgn0085804	CR41571	0.000000	0.000000 	P32234
1	3R	-	722370	722621	FBtr0114258	1	252	FBgn0085804	CR41571	0.000000	0.000000 	Q9VFL5
1	3R	-	722370	722621	FBtr0114258	1	252	FBgn0085804	CR41571	0.000000	0.000000 	P92177
1	3R	-	722370	722621	FBtr0114258	1	252	FBgn0085804	CR41571	0.000000	0.000000 	P28285
1	3R	-	722370	722621	FBtr0114258	1	252	FBgn0085804	CR41571	0.000000	0.000000 	Q9VRJ1
1	3R	-	722370	722621	FBtr0114258	1	252	FBgn0085804	CR41571	0.000000	0.000000 	O46203
1	3R	-	722370	722621	FBtr0114258	1	252	FBgn0085804	CR41571	0.000000	0.000000 	Q9VQ79
1	3R	-	722370	722621	FBtr0114258	1	252	FBgn0085804	CR41571	0.000000	0.000000 	P02574
1	3R	-	722370	722621	FBtr0114258	1	252	FBgn0085804	CR41571	0.000000	0.000000 	P10987
1	3R	-	722370	722621	FBtr0114258	1	252	FBgn0085804	CR41571	0.000000	0.000000 	Q26416
1	3R	-	722370	722621	FBtr0114258	1	252	FBgn0085804	CR41571	0.000000	0.000000 	P81928
1	3R	-	722370	722621	FBtr0114258	1	252	FBgn0085804	CR41571	0.000000	0.000000 	P20825
1	3R	-	722370	722621	FBtr0114258	1	252	FBgn0085804	CR41571	0.000000	0.000000 	Q9VSY6
1	3R	-	722370	722621	FBtr0114258	1	252	FBgn0085804	CR41571	0.000000	0.000000 	P49258
1	3R	-	722370	722621	FBtr0114258	1	252	FBgn0085804	CR41571	0.000000	0.000000 	P06606
1	3R	-	722370	722621	FBtr0114258	1	252	FBgn0085804	CR41571	0.000000	0.000000 	Q27377
1	3R	-	722370	722621	FBtr0114258	1	252	FBgn0085804	CR41571	0.000000	0.000000 	O46199
1	3R	-	722370	722621	FBtr0114258	1	252	FBgn0085804	CR41571	0.000000	0.000000 	P91615
1	3R	-	722370	722621	FBtr0114258	1	252	FBgn0085804	CR41571	0.000000	0.000000 	P53501
1	3R	-	722370	722621	FBtr0114258	1	252	FBgn0085804	CR41571	0.000000	0.000000 	O46202
1	3R	-	722370	722621	FBtr0114258	1	252	FBgn0085804	CR41571	0.000000	0.000000 	P29310
1	3R	-	722370	722621	FBtr0114258	1	252	FBgn0085804	CR41571	0.000000	0.000000 	P04323
1	3R	-	722370	722621	FBtr0114258	1	252	FBgn0085804	CR41571	0.000000	0.000000 	P20829
1	3R	-	722370	722621	FBtr0114258	1	252	FBgn0085804	CR41571	0.000000	0.000000 	P35220
1	3R	-	722370	722621	FBtr0114258	1	252	FBgn0085804	CR41571	0.000000	0.000000 	O46200
1	3R	-	722370	722621	FBtr0114258	1	252	FBgn0085804	CR41571	0.000000	0.000000 	O61643
1	3R	-	722370	722621	FBtr0114258	1	252	FBgn0085804	CR41571	0.000000	0.000000 	Q9NII1
1	3R	-	722370	722621	FBtr0114258	1	252	FBgn0085804	CR41571	0.000000	0.000000 	P56544
1	3R	-	722370	722621	FBtr0114258	1	252	FBgn0085804	CR41571	0.000000	0.000000 	P83967
1	3R	-	722370	722621	FBtr0114258	1	252	FBgn0085804	CR41571	0.000000	0.000000 	Q94899
1	3R	-	722370	722621	FBtr0114258	1	252	FBgn0085804	CR41571	0.000000	0.000000 	Q06453
1	3R	-	722370	722621	FBtr0114258	1	252	FBgn0085804	CR41571	0.000000	0.000000 	Q27580
1	3R	-	722370	722621	FBtr0114258	1	252	FBgn0085804	CR41571	0.000000	0.000000 	Q9VM95
1	3R	-	722370	722621	FBtr0114258	1	252	FBgn0085804	CR41571	0.000000	0.000000 	Q9VLM8
1	3R	-	722370	722621	FBtr0114258	1	252	FBgn0085804	CR41571	0.000000	0.000000 	P28286
1	3R	-	722370	722621	FBtr0114258	1	252	FBgn0085804	CR41571	0.000000	0.000000 	Q9V431
1	3R	-	722370	722621	FBtr0114258	1	252	FBgn0085804	CR41571	0.000000	0.000000 	Q8I8V0
1	3R	-	722370	722621	FBtr0114258	1	252	FBgn0085804	CR41571	0.000000	0.000000 	P04282
1	3R	-	722370	722621	FBtr0114258	1	252	FBgn0085804	CR41571	0.000000	0.000000 	P04283
1	3R	-	722370	722621	FBtr0114258	1	252	FBgn0085804	CR41571	0.000000	0.000000 	Q9VLJ6
1	3R	-	722370	722621	FBtr0114258	1	252	FBgn0085804	CR41571	0.000000	0.000000 	P00522
1	3R	-	722370	722621	FBtr0114258	1	252	FBgn0085804	CR41571	0.000000	0.000000 	P53624
1	3R	-	722370	722621	FBtr0114258	1	252	FBgn0085804	CR41571	0.000000	0.000000 	P10981
1	3R	-	722370	722621	FBtr0114258	1	252	FBgn0085804	CR41571	0.000000	0.000000 	P20905
1	3R	-	722370	722621	FBtr0114258	1	252	FBgn0085804	CR41571	0.000000	0.000000 	O46341
1	3R	-	722370	722621	FBtr0114258	1	252	FBgn0085804	CR41571	0.000000	0.000000 	Q9U915
1	3R	-	722370	722621	FBtr0114258	1	252	FBgn0085804	CR41571	0.000000	0.000000 	P24350
1	3R	-	722370	722621	FBtr0114258	1	252	FBgn0085804	CR41571	0.000000	0.000000 	P10333
1	3R	-	722370	722621	FBtr0114258	1	252	FBgn0085804	CR41571	0.000000	0.000000 	Q9VP61
1	3R	-	722370	722621	FBtr0114258	1	252	FBgn0085804	CR41571	0.000000	0.000000 	Q9V3C0
1	3R	-	722370	722621	FBtr0114258	1	252	FBgn0085804	CR41571	0.000000	0.000000 	P29555
1	3R	-	722370	722621	FBtr0114258	1	252	FBgn0085804	CR41571	0.000000	0.000000 	Q9VUQ5
1	3R	-	722370	722621	FBtr0114258	1	252	FBgn0085804	CR41571	0.000000	0.000000 	Q9VZF4
1	3R	-	722370	722621	FBtr0114258	1	252	FBgn0085804	CR41571	0.000000	0.000000 	Q23983
1	3R	-	722370	722621	FBtr0114258	1	252	FBgn0085804	CR41571	0.000000	0.000000 	Q24174
1	3R	-	722370	722621	FBtr0114258	1	252	FBgn0085804	CR41571	0.000000	0.000000 	Q9VF36
1	3R	-	722370	722621	FBtr0114258	1	252	FBgn0085804	CR41571	0.000000	0.000000 	Q9V778
1	3R	-	722370	722621	FBtr0114258	1	252	FBgn0085804	CR41571	0.000000	0.000000 	P61855
1	3R	-	722370	722621	FBtr0114258	1	252	FBgn0085804	CR41571	0.000000	0.000000 	O46197
1	3R	-	722370	722621	FBtr0114258	1	252	FBgn0085804	CR41571	0.000000	0.000000 	P09087
1	3R	-	722370	722621	FBtr0114258	1	252	FBgn0085804	CR41571	0.000000	0.000000 	P20828
1	3R	-	722370	722621	FBtr0114258	1	252	FBgn0085804	CR41571	0.000000	0.000000 	Q9VS59
1	3R	-	722370	722621	FBtr0114258	1	252	FBgn0085804	CR41571	0.000000	0.000000 	Q9VHH7
1	3R	-	722370	722621	FBtr0114258	1	252	FBgn0085804	CR41571	0.000000	0.000000 	P35421
1	3R	-	722370	722621	FBtr0114258	1	252	FBgn0085804	CR41571	0.000000	0.000000 	P10394
1	3R	-	722370	722621	FBtr0114258	1	252	FBgn0085804	CR41571	0.000000	0.000000 	P05552
1	3R	-	722370	722621	FBtr0114258	1	252	FBgn0085804	CR41571	0.000000	0.000000 	Q9VU84
1	3R	-	722370	722621	FBtr0114258	1	252	FBgn0085804	CR41571	0.000000	0.000000 	Q7JYV7
1	3R	-	722370	722621	FBtr0114258	1	252	FBgn0085804	CR41571	0.000000	0.000000 	Q9V3R1
1	3R	-	722370	722621	FBtr0114258	1	252	FBgn0085804	CR41571	0.000000	0.000000 	P16548
1	3R	-	722370	722621	FBtr0114258	1	252	FBgn0085804	CR41571	0.000000	0.000000 	Q9Y0Y2
1	3R	-	722370	722621	FBtr0114258	1	252	FBgn0085804	CR41571	0.000000	0.000000 	P50245
1	3R	-	722370	722621	FBtr0114258	1	252	FBgn0085804	CR41571	0.000000	0.000000 	Q8T8L8
1	3R	-	722370	722621	FBtr0114258	1	252	FBgn0085804	CR41571	0.000000	0.000000 	Q9V3R6
1	3R	-	722370	722621	FBtr0114258	1	252	FBgn0085804	CR41571	0.000000	0.000000 	P54185
1	3R	-	722370	722621	FBtr0114258	1	252	FBgn0085804	CR41571	0.000000	0.000000 	Q9Y105
1	3R	-	722370	722621	FBtr0114258	1	252	FBgn0085804	CR41571	0.000000	0.000000 	Q8INB9
1	3R	-	722370	722621	FBtr0114258	1	252	FBgn0085804	CR41571	0.000000	0.000000 	Q9I7S8
1	3R	-	722370	722621	FBtr0114258	1	252	FBgn0085804	CR41571	0.000000	0.000000 	Q6AWN0
1	3R	-	722370	722621	FBtr0114258	1	252	FBgn0085804	CR41571	0.000000	0.000000 	Q7PLK0
1	3R	-	722370	722621	FBtr0114258	1	252	FBgn0085804	CR41571	0.000000	0.000000 	P07140
1	3R	-	722370	722621	FBtr0114258	1	252	FBgn0085804	CR41571	0.000000	0.000000 	Q24451
1	3R	-	722370	722621	FBtr0114258	1	252	FBgn0085804	CR41571	0.000000	0.000000 	P10083
1	3R	-	722370	722621	FBtr0114258	1	252	FBgn0085804	CR41571	0.000000	0.000000 	P00967
1	3R	-	722370	722621	FBtr0114258	1	252	FBgn0085804	CR41571	0.000000	0.000000 	O46227
1	3R	-	722370	722621	FBtr0114258	1	252	FBgn0085804	CR41571	0.000000	0.000000 	Q9UAS6
1	3R	-	722370	722621	FBtr0114258	1	252	FBgn0085804	CR41571	0.000000	0.000000 	P18091
1	3R	-	722370	722621	FBtr0114258	1	252	FBgn0085804	CR41571	0.000000	0.000000 	P00334
1	3R	-	722370	722621	FBtr0114258	1	252	FBgn0085804	CR41571	0.000000	0.000000 	Q9VW60
1	3R	-	722370	722621	FBtr0114258	1	252	FBgn0085804	CR41571	0.000000	0.000000 	Q9VUR3
